<?xml version="1.0" encoding="UTF-8"?>
<testsuite xmlns:xsi="http://www.w3.org/2001/XMLSchema-instance" xsi:noNamespaceSchemaLocation="https://maven.apache.org/surefire/maven-surefire-plugin/xsd/surefire-test-report-3.0.xsd" version="3.0" name="QueryTest" time="0.466" tests="27" errors="0" skipped="0" failures="0">
  <properties>
    <property name="java.specification.version" value="23"/>
    <property name="sun.cpu.isalist" value="amd64"/>
    <property name="sun.jnu.encoding" value="Cp1252"/>
    <property name="sun.awt.enableExtraMouseButtons" value="true"/>
    <property name="java.class.path" value="C:\Users\rober\OneDrive - Università della Calabria\Uni\Terzo anno(2024-2025)\Ingegneria del software\LibreriaPersonale\target\test-classes;C:\Users\rober\OneDrive - Università della Calabria\Uni\Terzo anno(2024-2025)\Ingegneria del software\LibreriaPersonale\target\classes;C:\Users\rober\.m2\repository\com\google\code\gson\gson\2.10.1\gson-2.10.1.jar;C:\Users\rober\.m2\repository\org\junit\jupiter\junit-jupiter\5.10.0\junit-jupiter-5.10.0.jar;C:\Users\rober\.m2\repository\org\junit\jupiter\junit-jupiter-api\5.10.0\junit-jupiter-api-5.10.0.jar;C:\Users\rober\.m2\repository\org\opentest4j\opentest4j\1.3.0\opentest4j-1.3.0.jar;C:\Users\rober\.m2\repository\org\junit\platform\junit-platform-commons\1.10.0\junit-platform-commons-1.10.0.jar;C:\Users\rober\.m2\repository\org\apiguardian\apiguardian-api\1.1.2\apiguardian-api-1.1.2.jar;C:\Users\rober\.m2\repository\org\junit\jupiter\junit-jupiter-params\5.10.0\junit-jupiter-params-5.10.0.jar;C:\Users\rober\.m2\repository\org\junit\jupiter\junit-jupiter-engine\5.10.0\junit-jupiter-engine-5.10.0.jar;C:\Users\rober\.m2\repository\org\junit\platform\junit-platform-engine\1.10.0\junit-platform-engine-1.10.0.jar;"/>
    <property name="java.vm.vendor" value="Oracle Corporation"/>
    <property name="sun.arch.data.model" value="64"/>
    <property name="user.variant" value=""/>
    <property name="java.vendor.url" value="https://java.oracle.com/"/>
    <property name="user.timezone" value="Europe/Rome"/>
    <property name="os.name" value="Windows 11"/>
    <property name="java.vm.specification.version" value="23"/>
    <property name="sun.java.launcher" value="SUN_STANDARD"/>
    <property name="user.country" value="IT"/>
    <property name="sun.boot.library.path" value="C:\Users\rober\.jdks\openjdk-23.0.2\bin"/>
    <property name="sun.java.command" value="C:\Users\rober\AppData\Local\Temp\surefire15001725394151901897\surefirebooter-20250711134440705_3.jar C:\Users\rober\AppData\Local\Temp\surefire15001725394151901897 2025-07-11T13-44-40_098-jvmRun1 surefire-20250711134440705_1tmp surefire_0-20250711134440705_2tmp"/>
    <property name="jdk.debug" value="release"/>
    <property name="surefire.test.class.path" value="C:\Users\rober\OneDrive - Università della Calabria\Uni\Terzo anno(2024-2025)\Ingegneria del software\LibreriaPersonale\target\test-classes;C:\Users\rober\OneDrive - Università della Calabria\Uni\Terzo anno(2024-2025)\Ingegneria del software\LibreriaPersonale\target\classes;C:\Users\rober\.m2\repository\com\google\code\gson\gson\2.10.1\gson-2.10.1.jar;C:\Users\rober\.m2\repository\org\junit\jupiter\junit-jupiter\5.10.0\junit-jupiter-5.10.0.jar;C:\Users\rober\.m2\repository\org\junit\jupiter\junit-jupiter-api\5.10.0\junit-jupiter-api-5.10.0.jar;C:\Users\rober\.m2\repository\org\opentest4j\opentest4j\1.3.0\opentest4j-1.3.0.jar;C:\Users\rober\.m2\repository\org\junit\platform\junit-platform-commons\1.10.0\junit-platform-commons-1.10.0.jar;C:\Users\rober\.m2\repository\org\apiguardian\apiguardian-api\1.1.2\apiguardian-api-1.1.2.jar;C:\Users\rober\.m2\repository\org\junit\jupiter\junit-jupiter-params\5.10.0\junit-jupiter-params-5.10.0.jar;C:\Users\rober\.m2\repository\org\junit\jupiter\junit-jupiter-engine\5.10.0\junit-jupiter-engine-5.10.0.jar;C:\Users\rober\.m2\repository\org\junit\platform\junit-platform-engine\1.10.0\junit-platform-engine-1.10.0.jar;"/>
    <property name="sun.cpu.endian" value="little"/>
    <property name="user.home" value="C:\Users\rober"/>
    <property name="user.language" value="it"/>
    <property name="java.specification.vendor" value="Oracle Corporation"/>
    <property name="java.version.date" value="2025-01-21"/>
    <property name="java.home" value="C:\Users\rober\.jdks\openjdk-23.0.2"/>
    <property name="file.separator" value="\"/>
    <property name="basedir" value="C:\Users\rober\OneDrive - Università della Calabria\Uni\Terzo anno(2024-2025)\Ingegneria del software\LibreriaPersonale"/>
    <property name="java.vm.compressedOopsMode" value="Zero based"/>
    <property name="line.separator" value="&#10;"/>
    <property name="java.vm.specification.vendor" value="Oracle Corporation"/>
    <property name="java.specification.name" value="Java Platform API Specification"/>
    <property name="surefire.real.class.path" value="C:\Users\rober\AppData\Local\Temp\surefire15001725394151901897\surefirebooter-20250711134440705_3.jar"/>
    <property name="user.script" value=""/>
    <property name="sun.management.compiler" value="HotSpot 64-Bit Tiered Compilers"/>
    <property name="java.runtime.version" value="23.0.2+7-58"/>
    <property name="user.name" value="rober"/>
    <property name="stdout.encoding" value="Cp1252"/>
    <property name="path.separator" value=";"/>
    <property name="os.version" value="10.0"/>
    <property name="java.runtime.name" value="OpenJDK Runtime Environment"/>
    <property name="file.encoding" value="UTF-8"/>
    <property name="java.vm.name" value="OpenJDK 64-Bit Server VM"/>
    <property name="localRepository" value="C:\Users\rober\.m2\repository"/>
    <property name="java.vendor.url.bug" value="https://bugreport.java.com/bugreport/"/>
    <property name="java.io.tmpdir" value="C:\Users\rober\AppData\Local\Temp\"/>
    <property name="idea.version" value="2025.1.3"/>
    <property name="java.version" value="23.0.2"/>
    <property name="user.dir" value="C:\Users\rober\OneDrive - Università della Calabria\Uni\Terzo anno(2024-2025)\Ingegneria del software\LibreriaPersonale"/>
    <property name="os.arch" value="amd64"/>
    <property name="java.vm.specification.name" value="Java Virtual Machine Specification"/>
    <property name="sun.os.patch.level" value=""/>
    <property name="native.encoding" value="Cp1252"/>
    <property name="java.library.path" value="C:\Users\rober\.jdks\openjdk-23.0.2\bin;C:\Windows\Sun\Java\bin;C:\Windows\system32;C:\Windows;C:\Windows\system32;C:\Windows;C:\Windows\System32\Wbem;C:\Windows\System32\WindowsPowerShell\v1.0\;C:\Windows\System32\OpenSSH\;C:\Program Files\MATLAB\R2024a\runtime\win64;C:\Program Files\MATLAB\R2024a\bin;C:\Program Files\Git\cmd;C:\Users\rober\AppData\Local\Microsoft\WindowsApps;C:\Users\rober\AppData\Local\Programs\Microsoft VS Code\bin;."/>
    <property name="java.vm.info" value="mixed mode, sharing"/>
    <property name="stderr.encoding" value="Cp1252"/>
    <property name="java.vendor" value="Oracle Corporation"/>
    <property name="java.vm.version" value="23.0.2+7-58"/>
    <property name="sun.io.unicode.encoding" value="UnicodeLittle"/>
    <property name="java.class.version" value="67.0"/>
  </properties>
  <testcase name="testCombinazioniDiFiltri(List, String, Set)[1]" classname="QueryTest" time="0.065"/>
  <testcase name="testCombinazioniDiFiltri(List, String, Set)[2]" classname="QueryTest" time="0.004"/>
  <testcase name="testCombinazioniDiFiltri(List, String, Set)[3]" classname="QueryTest" time="0.004"/>
  <testcase name="testCombinazioniDiFiltri(List, String, Set)[4]" classname="QueryTest" time="0.003"/>
  <testcase name="testCombinazioniDiFiltri(List, String, Set)[5]" classname="QueryTest" time="0.002"/>
  <testcase name="testCombinazioniDiFiltri(List, String, Set)[6]" classname="QueryTest" time="0.003"/>
  <testcase name="testCombinazioniDiFiltri(List, String, Set)[7]" classname="QueryTest" time="0.002"/>
  <testcase name="testCombinazioniDiFiltri(List, String, Set)[8]" classname="QueryTest" time="0.002"/>
  <testcase name="testCombinazioniDiFiltri(List, String, Set)[9]" classname="QueryTest" time="0.002"/>
  <testcase name="testCombinazioniDiFiltri(List, String, Set)[10]" classname="QueryTest" time="0.002"/>
  <testcase name="testCombinazioniDiFiltri(List, String, Set)[11]" classname="QueryTest" time="0.002"/>
  <testcase name="testCombinazioniDiFiltri(List, String, Set)[12]" classname="QueryTest" time="0.003"/>
  <testcase name="testCombinazioniDiFiltri(List, String, Set)[13]" classname="QueryTest" time="0.003"/>
  <testcase name="testCombinazioniDiFiltri(List, String, Set)[14]" classname="QueryTest" time="0.002"/>
  <testcase name="testCombinazioniDiFiltri(List, String, Set)[15]" classname="QueryTest" time="0.002"/>
  <testcase name="testCombinazioniDiFiltri(List, String, Set)[16]" classname="QueryTest" time="0.004"/>
  <testcase name="testCombinazioniDiFiltri(List, String, Set)[17]" classname="QueryTest" time="0.003"/>
  <testcase name="testCombinazioniDiFiltri(List, String, Set)[18]" classname="QueryTest" time="0.003"/>
  <testcase name="testCombinazioniDiFiltri(List, String, Set)[19]" classname="QueryTest" time="0.004"/>
  <testcase name="testCombinazioniDiFiltri(List, String, Set)[20]" classname="QueryTest" time="0.003"/>
  <testcase name="testCombinazioniDiFiltri(List, String, Set)[21]" classname="QueryTest" time="0.003"/>
  <testcase name="testCombinazioniDiFiltri(List, String, Set)[22]" classname="QueryTest" time="0.005"/>
  <testcase name="testCombinazioniDiFiltri(List, String, Set)[23]" classname="QueryTest" time="0.003"/>
  <testcase name="testCombinazioniDiFiltri(List, String, Set)[24]" classname="QueryTest" time="0.005"/>
  <testcase name="modifica" classname="QueryTest" time="0.051"/>
  <testcase name="inserisciEdElimina" classname="QueryTest" time="0.135"/>
  <testcase name="testLibriPresentiException" classname="QueryTest" time="0.012"/>
</testsuite>